<?xml version="1.0" encoding="UTF-8"?>
<!-- Generated by org.testng.reporters.JUnitReportReporter -->
<testsuite hostname="DESKTOP-36RNSQ9" failures="0" tests="1" name="com.Actitime.Testscipts.CreateCustomer" time="16.242" errors="0" timestamp="2023-02-18T10:14:46 IST" skipped="0">
  <testcase classname="com.Actitime.Testscipts.CreateCustomer" name="createCustomer" time="16.242"/>
  <system-out/>
</testsuite> <!-- com.Actitime.Testscipts.CreateCustomer -->
